Determining if the pthread_create exist failed with the following output:
Change Dir: /home/pi/Desktop/thiago_ros/build/CMakeFiles/CMakeTmp

Run Build Command:/usr/bin/make "cmTryCompileExec2987018738/fast"
/usr/bin/make -f CMakeFiles/cmTryCompileExec2987018738.dir/build.make CMakeFiles/cmTryCompileExec2987018738.dir/build
make[1]: Entering directory '/home/pi/Desktop/thiago_ros/build/CMakeFiles/CMakeTmp'
/usr/bin/cmake -E cmake_progress_report /home/pi/Desktop/thiago_ros/build/CMakeFiles/CMakeTmp/CMakeFiles 1
Building C object CMakeFiles/cmTryCompileExec2987018738.dir/CheckSymbolExists.c.o
/usr/bin/gcc    -o CMakeFiles/cmTryCompileExec2987018738.dir/CheckSymbolExists.c.o   -c /home/pi/Desktop/thiago_ros/build/CMakeFiles/CMakeTmp/CheckSymbolExists.c
Linking C executable cmTryCompileExec2987018738
/usr/bin/cmake -E cmake_link_script CMakeFiles/cmTryCompileExec2987018738.dir/link.txt --verbose=1
/usr/bin/gcc         CMakeFiles/cmTryCompileExec2987018738.dir/CheckSymbolExists.c.o  -o cmTryCompileExec2987018738 -rdynamic 
CMakeFiles/cmTryCompileExec2987018738.dir/CheckSymbolExists.c.o: In function `main':
CheckSymbolExists.c:(.text+0x38): undefined reference to `pthread_create'
collect2: ld returned 1 exit status
CMakeFiles/cmTryCompileExec2987018738.dir/build.make:88: recipe for target 'cmTryCompileExec2987018738' failed
make[1]: *** [cmTryCompileExec2987018738] Error 1
make[1]: Leaving directory '/home/pi/Desktop/thiago_ros/build/CMakeFiles/CMakeTmp'
Makefile:114: recipe for target 'cmTryCompileExec2987018738/fast' failed
make: *** [cmTryCompileExec2987018738/fast] Error 2

File /home/pi/Desktop/thiago_ros/build/CMakeFiles/CMakeTmp/CheckSymbolExists.c:
/* */
#include <pthread.h>

int main(int argc, char** argv)
{
  (void)argv;
#ifndef pthread_create
  return ((int*)(&pthread_create))[argc];
#else
  (void)argc;
  return 0;
#endif
}

Determining if the function pthread_create exists in the pthreads failed with the following output:
Change Dir: /home/pi/Desktop/thiago_ros/build/CMakeFiles/CMakeTmp

Run Build Command:/usr/bin/make "cmTryCompileExec3131671295/fast"
/usr/bin/make -f CMakeFiles/cmTryCompileExec3131671295.dir/build.make CMakeFiles/cmTryCompileExec3131671295.dir/build
make[1]: Entering directory '/home/pi/Desktop/thiago_ros/build/CMakeFiles/CMakeTmp'
/usr/bin/cmake -E cmake_progress_report /home/pi/Desktop/thiago_ros/build/CMakeFiles/CMakeTmp/CMakeFiles 1
Building C object CMakeFiles/cmTryCompileExec3131671295.dir/CheckFunctionExists.c.o
/usr/bin/gcc   -DCHECK_FUNCTION_EXISTS=pthread_create   -o CMakeFiles/cmTryCompileExec3131671295.dir/CheckFunctionExists.c.o   -c /usr/share/cmake-2.8/Modules/CheckFunctionExists.c
Linking C executable cmTryCompileExec3131671295
/usr/bin/cmake -E cmake_link_script CMakeFiles/cmTryCompileExec3131671295.dir/link.txt --verbose=1
/usr/bin/gcc     -DCHECK_FUNCTION_EXISTS=pthread_create    CMakeFiles/cmTryCompileExec3131671295.dir/CheckFunctionExists.c.o  -o cmTryCompileExec3131671295 -rdynamic -lpthreads 
/usr/bin/ld: cannot find -lpthreads
collect2: ld returned 1 exit status
CMakeFiles/cmTryCompileExec3131671295.dir/build.make:88: recipe for target 'cmTryCompileExec3131671295' failed
make[1]: Leaving directory '/home/pi/Desktop/thiago_ros/build/CMakeFiles/CMakeTmp'
make[1]: *** [cmTryCompileExec3131671295] Error 1
Makefile:114: recipe for target 'cmTryCompileExec3131671295/fast' failed
make: *** [cmTryCompileExec3131671295/fast] Error 2


